<?xml version="1.0" encoding="UTF-8"?>
<testsuites name="Betika-TestSuite" time="3.78" tests="1" failures="0" errors="0">
   <testsuite name="Betika-TestSuite" tests="1" failures="0" errors="0" time="3.78" skipped="0" timestamp="2023-04-12 01:32:14" hostname="ModitimeM - MODITIMEM-BDDN1.blts.za.local" id="Test Suites/Betika-TestSuite">
      <properties>
         <property name="deviceName" value=""/>
         <property name="devicePlatform" value=""/>
         <property name="logFolder" value="C:\\Users\\moditimem\\Katalon Studio\\APIAutomation\\Reports\\20230412_013201\\Betika-TestSuite\\20230412_013202"/>
         <property name="logFiles" value="C:\\Users\\moditimem\\Katalon Studio\\APIAutomation\\Reports\\20230412_013201\\Betika-TestSuite\\20230412_013202\\execution0.log"/>
         <property name="attachments" value=""/>
         <property name="hostName" value="ModitimeM - MODITIMEM-BDDN1.blts.za.local"/>
         <property name="hostAddress" value="10.0.0.104"/>
         <property name="os" value="Windows 10 64bit"/>
         <property name="katalonVersion" value="8.5.2.208"/>
      </properties>
      <testcase name="Test Cases/BetikaTC" time="3.552" classname="Test Cases/BetikaTC" status="PASSED">
         <system-out><![CDATA[2023-04-12 01:32:14 - [TEST_CASE][PASSED] - Test Cases/BetikaTC: Test Cases/BetikaTC

2023-04-12 01:32:14 - [TEST_STEP][PASSED] - response = sendRequest(findTestObject("Object Repository/Betika")): Send request successfully

2023-04-12 01:32:17 - [MESSAGE][INFO] - HAR: C:\Users\moditimem\Katalon Studio\APIAutomation\Reports\20230412_013201\Betika-TestSuite\20230412_013202\requests\main\0.har

2023-04-12 01:32:18 - [MESSAGE][PASSED] - Send request successfully

2023-04-12 01:32:18 - [TEST_STEP][PASSED] - status = verifyResponseStatusCode(response, 200): Verify response status code successfully

2023-04-12 01:32:18 - [MESSAGE][PASSED] - Verify response status code successfully

2023-04-12 01:32:18 - [TEST_STEP][PASSED] - verifyElementPropertyValue(response, "[5].userName", "User 6"): Verify element property value successfully

2023-04-12 01:32:18 - [MESSAGE][PASSED] - Verify element property value successfully

2023-04-12 01:32:18 - [TEST_STEP][PASSED] - objectCount = getElementsCount(response, "userName"): null

2023-04-12 01:32:18 - [TEST_STEP][PASSED] - comment("There are - " + objectCount + " object in the api response"): There are - 10 object in the api response

2023-04-12 01:32:18 - [MESSAGE][INFO] - There are - 10 object in the api response]]></system-out>
         <system-err><![CDATA[]]></system-err>
      </testcase>
      <system-out><![CDATA[2023-04-12 01:32:14 - [TEST_SUITE][PASSED] - Betika-TestSuite: Test Cases/BetikaTC]]></system-out>
      <system-err><![CDATA[]]></system-err>
   </testsuite>
</testsuites>
